Logfile initialized
[INFO] logfile = /Volumes/Data/Projects/Poetry Slam/Project/com.poetryslam/build.log
[DEBUG] /Users/andrewapperley/Library/Application Support/Titanium/mobilesdk/osx/2.0.2.GA/android/builder.py simulator com.poetryslam /Volumes/disk1s3/android-sdk /Volumes/Data/Projects/Poetry Slam/Project/com.poetryslam com.poetryslam 1 WVGA800 /127.0.0.1:55938
[INFO] Building com.poetryslam for Android ... one moment
[INFO] Titanium SDK version: 2.0.2 (05/30/12 10:21 2ff31a3)
[DEBUG] Waiting for device to be ready ...
[TRACE] adb devices returned 1 devices/emulators
[TRACE] adb devices returned 1 devices/emulators
[TRACE] adb devices returned 1 devices/emulators
[TRACE] adb devices returned 1 devices/emulators
[DEBUG] Device connected... (waited 15 seconds)
[DEBUG] waited 15.054249 seconds on emulator to get ready
[INFO] Waiting for the Android Emulator to become available
[ERROR] Timed out waiting for android.process.acore
[DEBUG] com.poetryslam installed? False
[INFO] Fastdev server running, deploying in Fastdev mode
[INFO] Copying CommonJS modules...
[INFO] Copying project resources..
[INFO] Tiapp.xml unchanged, skipping class generation
[DEBUG] Processing Android resource drawables
[DEBUG] found drawable-long-land-hdpi splash screen at /Volumes/Data/Projects/Poetry Slam/Project/com.poetryslam/Resources/android/images/res-long-land-hdpi/default.png
[DEBUG] found drawable-long-land-ldpi splash screen at /Volumes/Data/Projects/Poetry Slam/Project/com.poetryslam/Resources/android/images/res-long-land-ldpi/default.png
[DEBUG] found drawable-long-port-hdpi splash screen at /Volumes/Data/Projects/Poetry Slam/Project/com.poetryslam/Resources/android/images/res-long-port-hdpi/default.png
[DEBUG] found drawable-long-port-ldpi splash screen at /Volumes/Data/Projects/Poetry Slam/Project/com.poetryslam/Resources/android/images/res-long-port-ldpi/default.png
[DEBUG] found drawable-notlong-land-hdpi splash screen at /Volumes/Data/Projects/Poetry Slam/Project/com.poetryslam/Resources/android/images/res-notlong-land-hdpi/default.png
[DEBUG] found drawable-notlong-land-ldpi splash screen at /Volumes/Data/Projects/Poetry Slam/Project/com.poetryslam/Resources/android/images/res-notlong-land-ldpi/default.png
[DEBUG] found drawable-notlong-land-mdpi splash screen at /Volumes/Data/Projects/Poetry Slam/Project/com.poetryslam/Resources/android/images/res-notlong-land-mdpi/default.png
[DEBUG] found drawable-notlong-port-hdpi splash screen at /Volumes/Data/Projects/Poetry Slam/Project/com.poetryslam/Resources/android/images/res-notlong-port-hdpi/default.png
[DEBUG] found drawable-notlong-port-ldpi splash screen at /Volumes/Data/Projects/Poetry Slam/Project/com.poetryslam/Resources/android/images/res-notlong-port-ldpi/default.png
[DEBUG] found drawable-notlong-port-mdpi splash screen at /Volumes/Data/Projects/Poetry Slam/Project/com.poetryslam/Resources/android/images/res-notlong-port-mdpi/default.png
[INFO] Waiting for SDCard to become available..
[DEBUG] creating unsigned apk: /Volumes/Data/Projects/Poetry Slam/Project/com.poetryslam/build/android/bin/app-unsigned.apk
[DEBUG] from resource zip => assets/Resources/images/font/CantataOne-Regular.ttf
[DEBUG] from resource zip => assets/Resources/images/icon_buttons/clear_rest.png
[DEBUG] from resource zip => assets/Resources/images/icon_buttons/load_active.png
[DEBUG] from resource zip => assets/Resources/images/icon_buttons/load_rest.png
[DEBUG] from resource zip => assets/Resources/images/icon_buttons/post_active.png
[DEBUG] from resource zip => assets/Resources/images/icon_buttons/post_rest.png
[DEBUG] from resource zip => assets/Resources/images/icon_buttons/save_active.png
[DEBUG] from resource zip => assets/Resources/images/icon_buttons/save_rest.png
[DEBUG] from resource zip => assets/Resources/images/icon_buttons/write_active.png
[DEBUG] from resource zip => assets/Resources/images/icon_buttons/write_rest.png
[DEBUG] from resource zip => assets/Resources/images/parts_of_speech/adjective_pressed.png
[DEBUG] from resource zip => assets/Resources/images/parts_of_speech/adjective_rest.png
[DEBUG] from resource zip => assets/Resources/images/parts_of_speech/article_pressed.png
[DEBUG] from resource zip => assets/Resources/images/parts_of_speech/article_rest.png
[DEBUG] from resource zip => assets/Resources/images/parts_of_speech/conjunction_pressed.png
[DEBUG] from resource zip => assets/Resources/images/parts_of_speech/conjunction_rest.png
[DEBUG] from resource zip => assets/Resources/images/parts_of_speech/noun_pressed.png
[DEBUG] from resource zip => assets/Resources/images/parts_of_speech/noun_rest.png
[DEBUG] from resource zip => assets/Resources/images/parts_of_speech/preposition_pressed.png
[DEBUG] from resource zip => assets/Resources/images/parts_of_speech/preposition_rest.png
[DEBUG] from resource zip => assets/Resources/images/parts_of_speech/pronoun_pressed.png
[DEBUG] from resource zip => assets/Resources/images/parts_of_speech/pronoun_rest.png
[DEBUG] from resource zip => assets/Resources/images/parts_of_speech/verb_pressed.png
[DEBUG] from resource zip => assets/Resources/images/parts_of_speech/verb_rest.png
[DEBUG] from resource zip => assets/Resources/images/punctuation/colon_pressed.png
[DEBUG] from resource zip => assets/Resources/images/punctuation/colon_rest.png
[DEBUG] from resource zip => assets/Resources/images/punctuation/comma_pressed.png
[DEBUG] from resource zip => assets/Resources/images/punctuation/comma_rest.png
[DEBUG] from resource zip => assets/Resources/images/punctuation/exclamation_pressed.png
[DEBUG] from resource zip => assets/Resources/images/punctuation/exclamation_rest.png
[DEBUG] from resource zip => assets/Resources/images/punctuation/period_pressed.png
[DEBUG] from resource zip => assets/Resources/images/punctuation/period_rest.png
[DEBUG] from resource zip => assets/Resources/images/punctuation/question_pressed.png
[DEBUG] from resource zip => assets/Resources/images/punctuation/question_rest.png
[DEBUG] from resource zip => assets/Resources/images/punctuation/return_pressed.png
[DEBUG] from resource zip => assets/Resources/images/punctuation/return_rest.png
[DEBUG] from resource zip => assets/Resources/images/punctuation/semi-colon_pressed.png
[DEBUG] from resource zip => assets/Resources/images/punctuation/semi-colon_rest.png
[DEBUG] from resource zip => assets/Resources/images/punctuation/space_pressed.png
[DEBUG] from resource zip => assets/Resources/images/punctuation/space_rest.png
[DEBUG] from resource zip => assets/Resources/images/background.png
[DEBUG] from resource zip => assets/Resources/images/erase_pressed.png
[DEBUG] from resource zip => assets/Resources/images/erase_rest.png
[DEBUG] from resource zip => assets/Resources/images/info_pressed.png
[DEBUG] from resource zip => assets/Resources/images/info_rest.png
[DEBUG] from resource zip => assets/Resources/images/keyboard_pressed.png
[DEBUG] from resource zip => assets/Resources/images/keyboard_rest.png
[DEBUG] from resource zip => assets/Resources/images/start_me_pressed.png
[DEBUG] from resource zip => assets/Resources/images/start_me_rest.png
[DEBUG] from resource zip => assets/Resources/images/test.png
[DEBUG] from resource zip => assets/Resources/images/text_area.png
[DEBUG] from resource zip => assets/Resources/KS_nav_ui.png
[DEBUG] from resource zip => assets/Resources/KS_nav_views.png
[DEBUG] from resource zip => assets/Resources/app.js
[DEBUG] from resource zip => assets/Resources/appicon.png
[DEBUG] from resource zip => assets/Resources/default.png
[DEBUG] from resource zip => assets/Resources/deletingScreen.js
[DEBUG] from resource zip => assets/Resources/loadingScreen.js
[DEBUG] from resource zip => assets/Resources/logger.js
[DEBUG] from resource zip => assets/Resources/savingScreen.js
[DEBUG] from resource zip => assets/Resources/sharingScreen.js
[DEBUG] from resource zip => assets/Resources/tabbedBar.js
[DEBUG] from resource zip => assets/Resources/ti.cloud.js
[DEBUG] from resource zip => assets/Resources/writingScreen.js
[DEBUG] from resource zip => assets/app.json
[DEBUG] from resource zip => assets/index.json
[DEBUG] from resource zip => assets/tiapp.xml
[DEBUG] from resource zip => res/drawable/appicon.png
[DEBUG] from resource zip => res/drawable/background.png
[DEBUG] from resource zip => res/drawable/close.png
[DEBUG] from resource zip => res/drawable/facebook_login.png
[DEBUG] from resource zip => res/drawable/facebook_login_down.png
[DEBUG] from resource zip => res/drawable/facebook_login_wide.png
[DEBUG] from resource zip => res/drawable/facebook_login_wide_down.png
[DEBUG] from resource zip => res/drawable/facebook_logout.png
[DEBUG] from resource zip => res/drawable/facebook_logout_down.png
[DEBUG] from resource zip => res/layout/titanium_tabgroup.xml
[DEBUG] from resource zip => AndroidManifest.xml
[DEBUG] from resource zip => resources.arsc
[DEBUG] from resource zip => res/drawable-hdpi/close.png
[DEBUG] from resource zip => res/drawable-ldpi/close.png
[DEBUG] from resource zip => res/drawable-long-land-hdpi/background.png
[DEBUG] from resource zip => res/drawable-long-land-hdpi/default_d44e27d97b.png
[DEBUG] from resource zip => res/drawable-long-land-ldpi/background.png
[DEBUG] from resource zip => res/drawable-long-land-ldpi/default_d44e27d97b.png
[DEBUG] from resource zip => res/drawable-long-port-hdpi/background.png
[DEBUG] from resource zip => res/drawable-long-port-hdpi/default_d44e27d97b.png
[DEBUG] from resource zip => res/drawable-long-port-ldpi/background.png
[DEBUG] from resource zip => res/drawable-long-port-ldpi/default_d44e27d97b.png
[DEBUG] from resource zip => res/drawable-notlong-land-hdpi/background.png
[DEBUG] from resource zip => res/drawable-notlong-land-hdpi/default_d44e27d97b.png
[DEBUG] from resource zip => res/drawable-notlong-land-ldpi/background.png
[DEBUG] from resource zip => res/drawable-notlong-land-ldpi/default_d44e27d97b.png
[DEBUG] from resource zip => res/drawable-notlong-land-mdpi/background.png
[DEBUG] from resource zip => res/drawable-notlong-land-mdpi/default_d44e27d97b.png
[DEBUG] from resource zip => res/drawable-notlong-port-hdpi/background.png
[DEBUG] from resource zip => res/drawable-notlong-port-hdpi/default_d44e27d97b.png
[DEBUG] from resource zip => res/drawable-notlong-port-ldpi/background.png
[DEBUG] from resource zip => res/drawable-notlong-port-ldpi/default_d44e27d97b.png
[DEBUG] from resource zip => res/drawable-notlong-port-mdpi/background.png
[DEBUG] from resource zip => res/drawable-notlong-port-mdpi/default_d44e27d97b.png
[DEBUG] from JAR /Users/andrewapperley/Library/Application Support/Titanium/mobilesdk/osx/2.0.2.GA/android/modules/titanium-ui.jar => ti/modules/titanium/ui/widget/webview/binding.js
[DEBUG] from JAR /Users/andrewapperley/Library/Application Support/Titanium/mobilesdk/osx/2.0.2.GA/android/modules/titanium-ui.jar => ti/modules/titanium/ui/widget/webview/binding.min.js
[DEBUG] from JAR /Users/andrewapperley/Library/Application Support/Titanium/mobilesdk/osx/2.0.2.GA/android/modules/titanium-ui.jar => ti/modules/titanium/ui/widget/webview/json2.js
[DEBUG] from JAR /Users/andrewapperley/Library/Application Support/Titanium/mobilesdk/osx/2.0.2.GA/android/titanium.jar => org/appcelerator/titanium/build.properties
[DEBUG] from JAR /Users/andrewapperley/Library/Application Support/Titanium/mobilesdk/osx/2.0.2.GA/android/titanium.jar => org/appcelerator/titanium/res/drawable/background.png
[DEBUG] from JAR /Users/andrewapperley/Library/Application Support/Titanium/mobilesdk/osx/2.0.2.GA/android/titanium.jar => org/appcelerator/titanium/res/drawable/btn_check_buttonless_on.png
[DEBUG] from JAR /Users/andrewapperley/Library/Application Support/Titanium/mobilesdk/osx/2.0.2.GA/android/titanium.jar => org/appcelerator/titanium/res/drawable/btn_check_buttonless_on_18.png
[DEBUG] from JAR /Users/andrewapperley/Library/Application Support/Titanium/mobilesdk/osx/2.0.2.GA/android/titanium.jar => org/appcelerator/titanium/res/drawable/btn_check_buttonless_on_48.png
[DEBUG] from JAR /Users/andrewapperley/Library/Application Support/Titanium/mobilesdk/osx/2.0.2.GA/android/titanium.jar => org/appcelerator/titanium/res/drawable/btn_more.png
[DEBUG] from JAR /Users/andrewapperley/Library/Application Support/Titanium/mobilesdk/osx/2.0.2.GA/android/titanium.jar => org/appcelerator/titanium/res/drawable/btn_more_18.png
[DEBUG] from JAR /Users/andrewapperley/Library/Application Support/Titanium/mobilesdk/osx/2.0.2.GA/android/titanium.jar => org/appcelerator/titanium/res/drawable/btn_more_48.png
[DEBUG] from JAR /Users/andrewapperley/Library/Application Support/Titanium/mobilesdk/osx/2.0.2.GA/android/titanium.jar => org/appcelerator/titanium/res/drawable/btn_picker_normal.9.png
[DEBUG] from JAR /Users/andrewapperley/Library/Application Support/Titanium/mobilesdk/osx/2.0.2.GA/android/titanium.jar => org/appcelerator/titanium/res/drawable/btn_picker_pressed.9.png
[DEBUG] from JAR /Users/andrewapperley/Library/Application Support/Titanium/mobilesdk/osx/2.0.2.GA/android/titanium.jar => org/appcelerator/titanium/res/drawable/btn_picker_selected.9.png
[DEBUG] from JAR /Users/andrewapperley/Library/Application Support/Titanium/mobilesdk/osx/2.0.2.GA/android/titanium.jar => org/appcelerator/titanium/res/drawable/default_icon.png
[DEBUG] from JAR /Users/andrewapperley/Library/Application Support/Titanium/mobilesdk/osx/2.0.2.GA/android/titanium.jar => org/appcelerator/titanium/res/drawable/photoDefault.png
[DEBUG] from JAR /Users/andrewapperley/Library/Application Support/Titanium/mobilesdk/osx/2.0.2.GA/android/modules/titanium-facebook.jar => ti/modules/titanium/facebook/LICENSE
[DEBUG] from JAR /Users/andrewapperley/Library/Application Support/Titanium/mobilesdk/osx/2.0.2.GA/android/thirdparty.jar => org/apache/Commons-NOTICE.txt
[DEBUG] from JAR /Users/andrewapperley/Library/Application Support/Titanium/mobilesdk/osx/2.0.2.GA/android/thirdparty.jar => org/apache/HttpComponents-NOTICE.txt
[DEBUG] from JAR /Users/andrewapperley/Library/Application Support/Titanium/mobilesdk/osx/2.0.2.GA/android/thirdparty.jar => org/apache/mime4j-NOTICE.txt
[DEBUG] installing native SDK libs
[DEBUG] Waiting for device to be ready ...
[TRACE] adb devices returned 1 devices/emulators
[DEBUG] Device connected... (waited 0 seconds)
[DEBUG] waited 0.013174 seconds on emulator to get ready
[INFO] Installing application on emulator
[INFO] Launching application ... com.poetryslam
[TRACE] Launch output: Starting: Intent { act=android.intent.action.MAIN cat=[android.intent.category.LAUNCHER] cmp=com.poetryslam/.ComPoetryslamActivity }

[INFO] Deployed com.poetryslam ... Application should be running.
[INFO] Forwarding host port 55938 to device for debugging.
[INFO] Android Emulator has exited
